Warning: Tag `SYMBOL_CACHE_SIZE' at line 289 of file Doxyfile has become obsolete.
To avoid this warning please remove this line from your configuration file or upgrade it using "doxygen -u"
Warning: Tag `SHOW_DIRECTORIES' at line 483 of file Doxyfile has become obsolete.
To avoid this warning please remove this line from your configuration file or upgrade it using "doxygen -u"
Warning: Tag `HTML_ALIGN_MEMBERS' at line 815 of file Doxyfile has become obsolete.
To avoid this warning please remove this line from your configuration file or upgrade it using "doxygen -u"
Warning: Tag `USE_INLINE_TREES' at line 984 of file Doxyfile has become obsolete.
To avoid this warning please remove this line from your configuration file or upgrade it using "doxygen -u"
Warning: doxygen no longer ships with the FreeSans font.
You may want to clear or change DOT_FONTNAME.
Otherwise you run the risk that the wrong font is being used for dot generated graphs.
Searching for include files...
Searching for example files...
Searching for images...
Searching for dot files...
Searching for msc files...
Searching for dia files...
Searching for files to exclude
Searching for files to process...
Searching for files in directory /home/minjin/work/coap/libcoap-code
Searching for files in directory /home/minjin/work/coap/libcoap-code/examples
Reading and parsing tag files
Parsing files
Preprocessing /home/minjin/work/coap/libcoap-code/address.h...
Parsing file /home/minjin/work/coap/libcoap-code/address.h...
Preprocessing /home/minjin/work/coap/libcoap-code/async.c...
Parsing file /home/minjin/work/coap/libcoap-code/async.c...
Preprocessing /home/minjin/work/coap/libcoap-code/async.h...
Parsing file /home/minjin/work/coap/libcoap-code/async.h...
Preprocessing /home/minjin/work/coap/libcoap-code/bits.h...
Parsing file /home/minjin/work/coap/libcoap-code/bits.h...
Preprocessing /home/minjin/work/coap/libcoap-code/block.c...
Parsing file /home/minjin/work/coap/libcoap-code/block.c...
Preprocessing /home/minjin/work/coap/libcoap-code/block.h...
Parsing file /home/minjin/work/coap/libcoap-code/block.h...
Preprocessing /home/minjin/work/coap/libcoap-code/coap-observer.c...
Parsing file /home/minjin/work/coap/libcoap-code/coap-observer.c...
Preprocessing /home/minjin/work/coap/libcoap-code/coap-server.c...
Parsing file /home/minjin/work/coap/libcoap-code/coap-server.c...
Preprocessing /home/minjin/work/coap/libcoap-code/coap.h...
Parsing file /home/minjin/work/coap/libcoap-code/coap.h...
Preprocessing /home/minjin/work/coap/libcoap-code/coap_io.c...
Parsing file /home/minjin/work/coap/libcoap-code/coap_io.c...
Preprocessing /home/minjin/work/coap/libcoap-code/coap_io.h...
Parsing file /home/minjin/work/coap/libcoap-code/coap_io.h...
Preprocessing /home/minjin/work/coap/libcoap-code/coap_list.c...
Parsing file /home/minjin/work/coap/libcoap-code/coap_list.c...
Preprocessing /home/minjin/work/coap/libcoap-code/coap_list.h...
Parsing file /home/minjin/work/coap/libcoap-code/coap_list.h...
Preprocessing /home/minjin/work/coap/libcoap-code/coap_time.h...
Parsing file /home/minjin/work/coap/libcoap-code/coap_time.h...
Preprocessing /home/minjin/work/coap/libcoap-code/config.h...
Parsing file /home/minjin/work/coap/libcoap-code/config.h...
Preprocessing /home/minjin/work/coap/libcoap-code/debug.c...
Parsing file /home/minjin/work/coap/libcoap-code/debug.c...
Preprocessing /home/minjin/work/coap/libcoap-code/debug.h...
Parsing file /home/minjin/work/coap/libcoap-code/debug.h...
Preprocessing /home/minjin/work/coap/libcoap-code/encode.c...
Parsing file /home/minjin/work/coap/libcoap-code/encode.c...
Preprocessing /home/minjin/work/coap/libcoap-code/encode.h...
Parsing file /home/minjin/work/coap/libcoap-code/encode.h...
Preprocessing /home/minjin/work/coap/libcoap-code/hashkey.c...
Parsing file /home/minjin/work/coap/libcoap-code/hashkey.c...
Preprocessing /home/minjin/work/coap/libcoap-code/hashkey.h...
Parsing file /home/minjin/work/coap/libcoap-code/hashkey.h...
Preprocessing /home/minjin/work/coap/libcoap-code/lwippools.h...
Parsing file /home/minjin/work/coap/libcoap-code/lwippools.h...
Preprocessing /home/minjin/work/coap/libcoap-code/mem.c...
Parsing file /home/minjin/work/coap/libcoap-code/mem.c...
Preprocessing /home/minjin/work/coap/libcoap-code/mem.h...
Parsing file /home/minjin/work/coap/libcoap-code/mem.h...
Preprocessing /home/minjin/work/coap/libcoap-code/net.c...
Parsing file /home/minjin/work/coap/libcoap-code/net.c...
Preprocessing /home/minjin/work/coap/libcoap-code/net.h...
Parsing file /home/minjin/work/coap/libcoap-code/net.h...
Preprocessing /home/minjin/work/coap/libcoap-code/option.c...
Parsing file /home/minjin/work/coap/libcoap-code/option.c...
Preprocessing /home/minjin/work/coap/libcoap-code/option.h...
Parsing file /home/minjin/work/coap/libcoap-code/option.h...
Preprocessing /home/minjin/work/coap/libcoap-code/pdu.c...
Parsing file /home/minjin/work/coap/libcoap-code/pdu.c...
Preprocessing /home/minjin/work/coap/libcoap-code/pdu.h...
Parsing file /home/minjin/work/coap/libcoap-code/pdu.h...
Preprocessing /home/minjin/work/coap/libcoap-code/prng.h...
Parsing file /home/minjin/work/coap/libcoap-code/prng.h...
Reading /home/minjin/work/coap/libcoap-code/README.md...
Preprocessing /home/minjin/work/coap/libcoap-code/resource.c...
Parsing file /home/minjin/work/coap/libcoap-code/resource.c...
Preprocessing /home/minjin/work/coap/libcoap-code/resource.h...
Parsing file /home/minjin/work/coap/libcoap-code/resource.h...
Preprocessing /home/minjin/work/coap/libcoap-code/str.c...
Parsing file /home/minjin/work/coap/libcoap-code/str.c...
Preprocessing /home/minjin/work/coap/libcoap-code/str.h...
Parsing file /home/minjin/work/coap/libcoap-code/str.h...
Preprocessing /home/minjin/work/coap/libcoap-code/subscribe.c...
Parsing file /home/minjin/work/coap/libcoap-code/subscribe.c...
Preprocessing /home/minjin/work/coap/libcoap-code/subscribe.h...
Parsing file /home/minjin/work/coap/libcoap-code/subscribe.h...
Preprocessing /home/minjin/work/coap/libcoap-code/t_list.h...
Parsing file /home/minjin/work/coap/libcoap-code/t_list.h...
Preprocessing /home/minjin/work/coap/libcoap-code/uri.c...
Parsing file /home/minjin/work/coap/libcoap-code/uri.c...
Preprocessing /home/minjin/work/coap/libcoap-code/uri.h...
Parsing file /home/minjin/work/coap/libcoap-code/uri.h...
Preprocessing /home/minjin/work/coap/libcoap-code/uthash.h...
Parsing file /home/minjin/work/coap/libcoap-code/uthash.h...
Preprocessing /home/minjin/work/coap/libcoap-code/utlist.h...
Parsing file /home/minjin/work/coap/libcoap-code/utlist.h...
Preprocessing /home/minjin/work/coap/libcoap-code/examples/client.c...
Parsing file /home/minjin/work/coap/libcoap-code/examples/client.c...
Preprocessing /home/minjin/work/coap/libcoap-code/examples/etsi_iot_01.c...
Parsing file /home/minjin/work/coap/libcoap-code/examples/etsi_iot_01.c...
Preprocessing /home/minjin/work/coap/libcoap-code/examples/rd.c...
Parsing file /home/minjin/work/coap/libcoap-code/examples/rd.c...
Preprocessing /home/minjin/work/coap/libcoap-code/examples/server.c...
Parsing file /home/minjin/work/coap/libcoap-code/examples/server.c...
Preprocessing /home/minjin/work/coap/libcoap-code/examples/tiny.c...
Parsing file /home/minjin/work/coap/libcoap-code/examples/tiny.c...
Building group list...
Building directory list...
Building namespace list...
Building file list...
Building class list...
Associating documentation with classes...
Computing nesting relations for classes...
Building example list...
Searching for enumerations...
Searching for documented typedefs...
Searching for members imported via using declarations...
Searching for included using directives...
Searching for documented variables...
Building interface member list...
Building member list...
Searching for friends...
Searching for documented defines...
Computing class inheritance relations...
Computing class usage relations...
Flushing cached template relations that have become invalid...
Creating members for template instances...
Computing class relations...
Add enum values to enums...
Searching for member function documentation...
Building page list...
Search for main page...
Computing page relations...
Determining the scope of groups...
Sorting lists...
Freeing entry tree
Determining which enums are documented
Computing member relations...
Building full member lists recursively...
Adding members to member groups.
Computing member references...
Inheriting documentation...
Generating disk names...
Adding source references...
Adding xrefitems...
Sorting member lists...
Computing dependencies between directories...
Generating citations page...
Counting data structures...
Resolving user defined references...
Finding anchors and sections in the documentation...
Transferring function references...
Combining using relations...
Adding members to index pages...
Generating style sheet...
Generating search indices...
Generating example documentation...
Generating file sources...
Generating code for file address.h...
Generating code for file async.c...
Generating code for file async.h...
Generating code for file bits.h...
Generati/home/minjin/work/coap/libcoap-code/pdu.c:173: warning: Found unknown command `\FIXME'
/home/minjin/work/coap/libcoap-code/pdu.c:205: warning: Found unknown command `\FIXME'
/home/minjin/work/coap/libcoap-code/coap_io.h:86: warning: argument 'local_interface' of command @param is not found in the argument list of coap_network_read(coap_endpoint_t *ep, coap_packet_t **packet)
/home/minjin/work/coap/libcoap-code/coap_io.h:86: warning: The following parameters of coap_network_read(coap_endpoint_t *ep, coap_packet_t **packet) are not documented:
  parameter 'ep'
/home/minjin/work/coap/libcoap-code/coap_io.h:86: warning: argument 'local_interface' of command @param is not found in the argument list of coap_network_read(coap_endpoint_t *ep, coap_packet_t **packet)
/home/minjin/work/coap/libcoap-code/coap_io.h:86: warning: The following parameters of coap_network_read(coap_endpoint_t *ep, coap_packet_t **packet) are not documented:
  parameter 'ep'
/home/minjin/work/coap/libcoap-code/lwippools.h:2: warning: explicit link request to 'include' could not be resolved
/home/minjin/work/coap/libcoap-code/mem.h:47: warning: expected whitespace after . command
/home/minjin/work/coap/libcoap-code/mem.h:47: warning: expected whitespace after . command
/home/minjin/work/coap/libcoap-code/net.h:425: warning: Found unknown command `\queue'
/home/minjin/work/coap/libcoap-code/net.h:426: warning: Found unknown command `\id'
/home/minjin/work/coap/libcoap-code/net.h:355: warning: argument 'remote' of command @param is not found in the argument list of coap_handle_message(coap_context_t *ctx, const coap_endpoint_t *local_interface, coap_packet_t *packet)
/home/minjin/work/coap/libcoap-code/net.h:355: warning: argument 'msg' of command @param is not found in the argument list of coap_handle_message(coap_context_t *ctx, const coap_endpoint_t *local_interface, coap_packet_t *packet)
/home/minjin/work/coap/libcoap-code/net.h:355: warning: argument 'msg_length' of command @param is not found in the argument list of coap_handle_message(coap_context_t *ctx, const coap_endpoint_t *local_interface, coap_packet_t *packet)
/home/minjin/work/coap/libcoap-code/net.h:355: warning: The following parameters of coap_handle_message(coap_context_t *ctx, const coap_endpoint_t *local_interface, coap_packet_t *packet) are not documented:
  parameter 'packet'
/home/minjin/work/coap/libcoap-code/net.h:251: warning: The following parameters of coap_send(coap_context_t *context, const coap_endpoint_t *local_interface, const coap_address_t *dst, coap_pdu_t *pdu) are not documented:
  parameter 'local_interface'
/home/minjin/work/coap/libcoap-code/net.h:307: warning: The following parameters of coap_send_ack(coap_context_t *context, const coap_endpoint_t *local_interface, const coap_address_t *dst, coap_pdu_t *request) are not documented:
  parameter 'local_interface'
/home/minjin/work/coap/libcoap-code/net.h:216: warning: The following parameters of coap_send_confirmed(coap_context_t *context, const coap_endpoint_t *local_interface, const coap_address_t *dst, coap_pdu_t *pdu) are not documented:
  parameter 'local_interface'
/home/minjin/work/coap/libcoap-code/net.h:266: warning: The following parameters of coap_send_error(coap_context_t *context, coap_pdu_t *request, const coap_endpoint_t *local_interface, const coap_address_t *dst, unsigned char code, coap_opt_filter_t opts) are not documented:
  parameter 'local_interface'
/home/minjin/work/coap/libcoap-code/net.h:290: warning: The following parameters of coap_send_message_type(coap_context_t *context, const coap_endpoint_t *local_interface, const coap_address_t *dst, coap_pdu_t *request, unsigned char type) are not documented:
  parameter 'local_interface'
/home/minjin/work/coap/libcoap-code/net.h:425: warning: Found unknown command `\queue'
/home/minjin/work/coap/libcoap-code/net.h:426: warning: Found unknown command `\id'
/home/minjin/work/coap/libcoap-code/net.h:355: warning: argument 'remote' of command @param is not found in the argument list of coap_handle_message(coap_context_t *ctx, const coap_endpoint_t *local_interface, coap_packet_t *packet)
/home/minjin/work/coap/libcoap-code/net.h:355: warning: argument 'msg' of command @param is not found in the argument list of coap_handle_message(coap_context_t *ctx, const coap_endpoint_t *local_interface, coap_packet_t *packet)
/home/minjin/work/coap/libcoap-code/net.h:355: warning: argument 'msg_length' of command @param is not found in the argument list of coap_handle_message(coap_context_t *ctx, const coap_endpoint_t *local_interface, coap_packet_t *packet)
/home/minjin/work/coap/libcoap-code/net.h:355: warning: The following parameters of coap_handle_message(coap_context_t *ctx, const coap_endpoint_t *local_interface, coap_packet_t *packet) are not documented:
  parameter 'packet'
/home/minjin/work/coap/libcoap-code/net.h:251: warning: The following parameters of coap_send(coap_context_t *context, const coap_endpoint_t *local_interface, const coap_address_t *dst, coap_pdu_t *pdu) are not documented:
  parameter 'local_interface'
/home/minjin/work/coap/libcoap-code/net.h:307: warning: The following parameters of coap_send_ack(coap_context_t *context, const coap_endpoint_t *local_interface, const coap_address_t *dst, coap_pdu_t *request) are not documented:
  parameter 'local_interface'
/home/minjin/work/coap/libcoap-code/net.h:216: warning: The following parameters of coap_send_confirmed(coap_context_t *context, const coap_endpoint_t *local_interface, const coap_address_t *dst, coap_pdu_t *pdu) are not documented:
  parameter 'local_interface'
/home/minjin/work/coap/libcoap-code/net.h:266: warning: The following parameters of coap_send_error(coap_context_t *context, coap_pdu_t *request, const coap_endpoint_t *local_interface, const coap_address_t *dst, unsigned char code, coap_opt_filter_t opts) are not documented:
  parameter 'local_interface'
/home/minjin/work/coap/libcoap-code/net.h:290: warning: The following parameters of coap_send_message_type(coap_context_t *context, const coap_endpoint_t *local_interface, const coap_address_t *dst, coap_pdu_t *request, unsigned char type) are not documented:
  parameter 'local_interface'
/home/minjin/work/coap/libcoap-code/net.h:324: warning: The following parameters of coap_send_rst(coap_context_t *context, const coap_endpoint_t *local_interface, const coap_address_t *dst, coap_pdu_t *request) are not documented:
  parameter 'local_interface'
/home/minjin/work/coap/libcoap-code/pdu.c:173: warning: Found unknown command `\FIXME'
/home/minjin/work/coap/libcoap-code/pdu.c:205: warning: Found unknown command `\FIXME'
/home/minjin/work/coap/libcoap-code/pdu.c:173: warning: Found unknown command `\FIXME'
/home/minjin/work/coap/libcoap-code/pdu.c:205: warning: Found unknown command `\FIXME'
/home/minjin/work/coap/libcoap-code/resource.h:260: warning: argument 'token_length' of command @param is not found in the argument list of coap_add_observer(coap_resource_t *resource, const coap_endpoint_t *local_interface, const coap_address_t *observer, const str *token)
/home/minjin/work/coap/libcoap-code/resource.h:260: warning: The following parameters of coap_add_observer(coap_resource_t *resource, const coap_endpoint_t *local_interface, const coap_address_t *observer, const str *token) are not documented:
  parameter 'local_interface'
/home/minjin/work/coap/libcoap-code/resource.h:260: warning: argument 'token_length' of command @param is not found in the argument list of coap_add_observer(coap_resource_t *resource, const coap_endpoint_t *local_interface, const coap_address_t *observer, const str *token)
/home/minjin/work/coap/libcoap-code/resource.h:260: warning: The following parameters of coap_add_observer(coap_resource_t *resource, const coap_endpoint_t *local_interface, const coap_address_t *observer, const str *token) are not documented:
  parameter 'local_interface'
/home/minjin/work/coap/libcoap-code/uri.h:30: warning: Found unknown command `\para'
/home/minjin/work/coap/libcoap-code/uri.h:26: warning: The following parameters of coap_new_uri(const unsigned char *uri, unsigned int length) are not documented:
  parameter 'length'
/home/minjin/work/coap/libcoap-code/uri.h:30: warning: Found unknown command `\para'
/home/minjin/work/coap/libcoap-code/uri.h:26: warning: The following parameters of coap_new_uri(const unsigned char *uri, unsigned int length) are not documented:
  parameter 'length'
/home/minjin/work/coap/libcoap-code/async.h:111: warning: argument 's' of command @param is not found in the argument list of coap_free_async(coap_async_state_t *state)
/home/minjin/work/coap/libcoap-code/async.h:111: warning: The following parameters of coap_free_async(coap_async_state_t *state) are not documented:
  parameter 'state'
/home/minjin/work/coap/libcoap-code/option.h:254: warning: argument 'len' of command @param is not found in the argument list of coap_opt_encode(coap_opt_t *opt, size_t n, unsigned short delta, const unsigned char *val, size_t length)
/home/minjin/work/coap/libcoap-code/option.h:254: warning: The following parameters of coap_opt_encode(coap_opt_t *opt, size_t n, unsigned short delta, const unsigned char *val, size_t length) are not documented:
  parameter 'length'
/home/minjin/work/coap/libcoap-code/uri.h:92: warning: Found unknown command `\s'
ng code for file block.c...
Generating code for file block.h...
Generating code for file client.c...
Generating code for file coap-observer.c...
Generating code for file coap-server.c...
Generating code for file coap.h...
Generating code for file coap_io.c...
Generating code for file coap_io.h...
Generating code for file coap_list.c...
Generating code for file coap_list.h...
Generating code for file coap_time.h...
Generating code for file config.h...
Generating code for file debug.c...
Generating code for file debug.h...
Generating code for file encode.c...
Generating code for file encode.h...
Generating code for file etsi_iot_01.c...
Generating code for file hashkey.c...
Generating code for file hashkey.h...
Generating code for file lwippools.h...
Generating code for file mem.c...
Generating code for file mem.h...
Generating code for file net.c...
Generating code for file net.h...
Generating code for file option.c...
Generating code for file option.h...
Generating code for file pdu.c...
Generating code for file pdu.h...
Generating code for file prng.h...
Generating code for file rd.c...
Generating code for file README.md...
Generating code for file resource.c...
Generating code for file resource.h...
Generating code for file server.c...
Generating code for file str.c...
Generating code for file str.h...
Generating code for file subscribe.c...
Generating code for file subscribe.h...
Generating code for file t_list.h...
Generating code for file tiny.c...
Generating code for file uri.c...
Generating code for file uri.h...
Generating code for file uthash.h...
Generating code for file utlist.h...
Generating file documentation...
Generating docs for file address.h...
Generating docs for file async.c...
Generating docs for file async.h...
Generating docs for file bits.h...
Generating docs for file block.c...
Generating docs for file block.h...
Generating docs for file client.c...
Generating docs for file coap-observer.c...
Generating docs for file coap-server.c...
Generating docs for file coap.h...
Generating docs for file coap_io.c...
Generating docs for file coap_io.h...
Generating docs for file coap_list.c...
Generating docs for file coap_list.h...
Generating docs for file coap_time.h...
Generating docs for file config.h...
Generating docs for file debug.c...
Generating docs for file debug.h...
Generating docs for file encode.c...
Generating docs for file encode.h...
Generating docs for file etsi_iot_01.c...
Generating docs for file hashkey.c...
Generating docs for file hashkey.h...
Generating docs for file lwippools.h...
Generating docs for file mem.c...
Generating docs for file mem.h...
Generating docs for file net.c...
Generating docs for file net.h...
Generating docs for file option.c...
Generating docs for file option.h...
Generating docs for file pdu.c...
Generating docs for file pdu.h...
Generating docs for file prng.h...
Generating docs for file rd.c...
Generating docs for file README.md...
Generating docs for file resource.c...
Generating docs for file resource.h...
Generating docs for file server.c...
Generating docs for file str.c...
Generating docs for file str.h...
Generating docs for file subscribe.c...
Generating docs for file subscribe.h...
Generating docs for file t_list.h...
Generating docs for file tiny.c...
Generating docs for file uri.c...
Generating docs for file uri.h...
Generating docs for file uthash.h...
Generating docs for file utlist.h...
Generating page documentation...
Generating docs for page md__home_minjin_work_coap_libcoap-code_README...
Generating docs for page deprecated...
Generating docs for page bug...
Generating group documentation...
Generating class documentation...
Generating docs for compound cnt_str...
Generating docs for compound coap_async_state_t...
Generating docs for compound coap_attr_t...
Generating docs for compound coap_block_t...
Generating docs for compound coap_context_t...
Generating docs for compound coap_dynamic_uri_t...
Generating docs for compound coap_endpoint_t...
Generating docs for compound coap_hdr_t...
Generating docs for compound coap_iterator_t...
Generating docs for compound coap_linkedlistnode...
Generating docs for compound coap_mid_cache_t...
Generating docs for compound coap_opt_iterator_t...
Generating docs for compound coap_option...
Generating docs for compound coap_option_t...
Generating docs for compound coap_packet_t...
Generating docs for compound coap_parse_iterator_t...
Generating docs for compound coap_payload_t...
Generating docs for compound coap_pdu_t...
Generating docs for compound coap_queue_t...
Generating docs for compound coap_resource_t...
Generating docs for compound coap_subscription_t...
Generating docs for compound coap_uri_t...
Generating docs for compound content_type_t...
Generating docs for compound error_desc_t...
Generating docs for compound in6_pktinfo...
Generating docs for compound in_pktinfo...
Generating docs for compound list...
Generating docs for compound rd_t...
Generating docs for compound str...
Generating docs for compound UT_hash_bucket...
Generating docs for compound UT_hash_handle...
Generating docs for compound UT_hash_table...
Generating namespace index...
Generating graph info page...
Generating directory documentation...
Generating index page...
Generating page index...
Generating module index...
Generating namespace index...
Generating namespace member index...
Generating annotated compound index...
Generating alphabetical compound index...
Generating hierarchical class index...
Generating member index...
Generating file index...
Generating file member index...
Generating example index...
finalizing index lists...
lookup cache used 953/65536 hits=8858 misses=985
finished...
